#-----------------------------------------------------------
# Vivado v2016.2 (64-bit)
# SW Build 1577090 on Thu Jun  2 16:32:40 MDT 2016
# IP Build 1577682 on Fri Jun  3 12:00:54 MDT 2016
# Start of session at: Fri Mar 30 17:54:53 2018
# Process ID: 13584
# Current directory: C:/Users/yanhan/Desktop/tee project final/audio_effects
# Command line: vivado.exe -gui_launcher_event rodinguilauncherevent5652 C:\Users\yanhan\Desktop\tee project final\audio_effects\audio_effects.xpr
# Log file: C:/Users/yanhan/Desktop/tee project final/audio_effects/vivado.log
# Journal file: C:/Users/yanhan/Desktop/tee project final/audio_effects\vivado.jou
#-----------------------------------------------------------
start_gui
open_project {C:/Users/yanhan/Desktop/tee project final/audio_effects/audio_effects.xpr}
Scanning sources...
Finished scanning sources
INFO: [IP_Flow 19-234] Refreshing IP repositories
INFO: [IP_Flow 19-1704] No user IP repositories specified
INFO: [IP_Flow 19-2313] Loaded Vivado IP repository 'C:/Xilinx/Vivado/2016.2/data/ip'.
open_project: Time (s): cpu = 00:00:24 ; elapsed = 00:00:14 . Memory (MB): peak = 753.305 ; gain = 111.594
update_compile_order -fileset sources_1
synth_design -rtl -name rtl_1
Command: synth_design -rtl -name rtl_1
Starting synth_design
Using part: xc7a35tcpg236-1
Top: AUDIO_FX_TOP
WARNING: [Synth 8-992] m1 is already implicitly declared earlier [C:/Users/yanhan/Desktop/tee project final/audio_effects/audio_effects.srcs/sources_1/new/AUDIO_FX_TOP.v:60]
WARNING: [Synth 8-992] m2 is already implicitly declared earlier [C:/Users/yanhan/Desktop/tee project final/audio_effects/audio_effects.srcs/sources_1/new/AUDIO_FX_TOP.v:61]
WARNING: [Synth 8-992] m3 is already implicitly declared earlier [C:/Users/yanhan/Desktop/tee project final/audio_effects/audio_effects.srcs/sources_1/new/AUDIO_FX_TOP.v:62]
WARNING: [Synth 8-992] m4 is already implicitly declared earlier [C:/Users/yanhan/Desktop/tee project final/audio_effects/audio_effects.srcs/sources_1/new/AUDIO_FX_TOP.v:63]
WARNING: [Synth 8-992] m5 is already implicitly declared earlier [C:/Users/yanhan/Desktop/tee project final/audio_effects/audio_effects.srcs/sources_1/new/AUDIO_FX_TOP.v:76]
WARNING: [Synth 8-992] m6 is already implicitly declared earlier [C:/Users/yanhan/Desktop/tee project final/audio_effects/audio_effects.srcs/sources_1/new/AUDIO_FX_TOP.v:77]
WARNING: [Synth 8-992] m7 is already implicitly declared earlier [C:/Users/yanhan/Desktop/tee project final/audio_effects/audio_effects.srcs/sources_1/new/AUDIO_FX_TOP.v:95]
---------------------------------------------------------------------------------
Starting RTL Elaboration : Time (s): cpu = 00:01:54 ; elapsed = 00:04:45 . Memory (MB): peak = 807.605 ; gain = 600.531
---------------------------------------------------------------------------------
INFO: [Synth 8-638] synthesizing module 'AUDIO_FX_TOP' [C:/Users/yanhan/Desktop/tee project final/audio_effects/audio_effects.srcs/sources_1/new/AUDIO_FX_TOP.v:15]
INFO: [Synth 8-638] synthesizing module 'clockgen' [C:/Users/yanhan/Desktop/tee project final/audio_effects/audio_effects.srcs/sources_1/new/clockgen.v:23]
INFO: [Synth 8-256] done synthesizing module 'clockgen' (1#1) [C:/Users/yanhan/Desktop/tee project final/audio_effects/audio_effects.srcs/sources_1/new/clockgen.v:23]
INFO: [Synth 8-638] synthesizing module 'SPI' [C:/Users/yanhan/Desktop/tee project final/audio_effects/audio_effects.srcs/sources_1/new/SPI.v:20]
INFO: [Synth 8-256] done synthesizing module 'SPI' (2#1) [C:/Users/yanhan/Desktop/tee project final/audio_effects/audio_effects.srcs/sources_1/new/SPI.v:20]
INFO: [Synth 8-638] synthesizing module 'mux' [C:/Users/yanhan/Desktop/tee project final/audio_effects/audio_effects.srcs/sources_1/new/mux.v:23]
INFO: [Synth 8-256] done synthesizing module 'mux' (3#1) [C:/Users/yanhan/Desktop/tee project final/audio_effects/audio_effects.srcs/sources_1/new/mux.v:23]
INFO: [Synth 8-638] synthesizing module 'delayone' [C:/Users/yanhan/Desktop/tee project final/audio_effects/audio_effects.srcs/sources_1/new/delayone.v:23]
INFO: [Synth 8-256] done synthesizing module 'delayone' (4#1) [C:/Users/yanhan/Desktop/tee project final/audio_effects/audio_effects.srcs/sources_1/new/delayone.v:23]
INFO: [Synth 8-638] synthesizing module 'recordthree' [C:/Users/yanhan/Desktop/tee project final/audio_effects/audio_effects.srcs/sources_1/new/recordthree.v:23]
INFO: [Synth 8-256] done synthesizing module 'recordthree' (5#1) [C:/Users/yanhan/Desktop/tee project final/audio_effects/audio_effects.srcs/sources_1/new/recordthree.v:23]
INFO: [Synth 8-638] synthesizing module 'highpitch' [C:/Users/yanhan/Desktop/tee project final/audio_effects/audio_effects.srcs/sources_1/new/highpitch.v:23]
INFO: [Synth 8-256] done synthesizing module 'highpitch' (6#1) [C:/Users/yanhan/Desktop/tee project final/audio_effects/audio_effects.srcs/sources_1/new/highpitch.v:23]
INFO: [Synth 8-638] synthesizing module 'lowpitch' [C:/Users/yanhan/Desktop/tee project final/audio_effects/audio_effects.srcs/sources_1/new/lowpitch.v:23]
INFO: [Synth 8-256] done synthesizing module 'lowpitch' (7#1) [C:/Users/yanhan/Desktop/tee project final/audio_effects/audio_effects.srcs/sources_1/new/lowpitch.v:23]
INFO: [Synth 8-638] synthesizing module 'music_instrument' [C:/Users/yanhan/Desktop/tee project final/audio_effects/audio_effects.srcs/sources_1/new/music_instrument.v:23]
INFO: [Synth 8-256] done synthesizing module 'music_instrument' (8#1) [C:/Users/yanhan/Desktop/tee project final/audio_effects/audio_effects.srcs/sources_1/new/music_instrument.v:23]
INFO: [Synth 8-638] synthesizing module 'little_star' [C:/Users/yanhan/Desktop/tee project final/audio_effects/audio_effects.srcs/sources_1/new/little_star.v:23]
INFO: [Synth 8-256] done synthesizing module 'little_star' (9#1) [C:/Users/yanhan/Desktop/tee project final/audio_effects/audio_effects.srcs/sources_1/new/little_star.v:23]
INFO: [Synth 8-638] synthesizing module 'top' [C:/Users/yanhan/Desktop/tee project final/audio_effects/audio_effects.srcs/sources_1/imports/hdl/top.v:2]
INFO: [Synth 8-638] synthesizing module 'PS2Receiver' [C:/Users/yanhan/Desktop/tee project final/audio_effects/audio_effects.srcs/sources_1/imports/hdl/PS2Receiver.v:23]
INFO: [Synth 8-638] synthesizing module 'debouncer' [C:/Users/yanhan/Desktop/tee project final/audio_effects/audio_effects.srcs/sources_1/imports/hdl/debouncer.v:23]
	Parameter COUNT_MAX bound to: 19 - type: integer 
	Parameter COUNT_WIDTH bound to: 5 - type: integer 
INFO: [Synth 8-256] done synthesizing module 'debouncer' (10#1) [C:/Users/yanhan/Desktop/tee project final/audio_effects/audio_effects.srcs/sources_1/imports/hdl/debouncer.v:23]
INFO: [Synth 8-155] case statement is not full and has no default [C:/Users/yanhan/Desktop/tee project final/audio_effects/audio_effects.srcs/sources_1/imports/hdl/PS2Receiver.v:55]
INFO: [Synth 8-256] done synthesizing module 'PS2Receiver' (11#1) [C:/Users/yanhan/Desktop/tee project final/audio_effects/audio_effects.srcs/sources_1/imports/hdl/PS2Receiver.v:23]
INFO: [Synth 8-256] done synthesizing module 'top' (12#1) [C:/Users/yanhan/Desktop/tee project final/audio_effects/audio_effects.srcs/sources_1/imports/hdl/top.v:2]
INFO: [Synth 8-638] synthesizing module 'DA2RefComp' [C:/Users/yanhan/Desktop/tee project final/audio_effects/audio_effects.srcs/sources_1/imports/audio_effects.srcs/DA2CompRef.vhd:59]
INFO: [Synth 8-256] done synthesizing module 'DA2RefComp' (13#1) [C:/Users/yanhan/Desktop/tee project final/audio_effects/audio_effects.srcs/sources_1/imports/audio_effects.srcs/DA2CompRef.vhd:59]
INFO: [Synth 8-256] done synthesizing module 'AUDIO_FX_TOP' (14#1) [C:/Users/yanhan/Desktop/tee project final/audio_effects/audio_effects.srcs/sources_1/new/AUDIO_FX_TOP.v:15]
---------------------------------------------------------------------------------
Finished RTL Elaboration : Time (s): cpu = 00:01:56 ; elapsed = 00:04:47 . Memory (MB): peak = 841.367 ; gain = 634.293
---------------------------------------------------------------------------------

Report Check Netlist: 
+------+------------------+-------+---------+-------+------------------+
|      |Item              |Errors |Warnings |Status |Description       |
+------+------------------+-------+---------+-------+------------------+
|1     |multi_driven_nets |      0|        0|Passed |Multi driven nets |
+------+------------------+-------+---------+-------+------------------+
WARNING: [Synth 8-3295] tying undriven pin u2:DATA2[11] to constant 0 [C:/Users/yanhan/Desktop/tee project final/audio_effects/audio_effects.srcs/sources_1/new/AUDIO_FX_TOP.v:111]
WARNING: [Synth 8-3295] tying undriven pin u2:DATA2[10] to constant 0 [C:/Users/yanhan/Desktop/tee project final/audio_effects/audio_effects.srcs/sources_1/new/AUDIO_FX_TOP.v:111]
WARNING: [Synth 8-3295] tying undriven pin u2:DATA2[9] to constant 0 [C:/Users/yanhan/Desktop/tee project final/audio_effects/audio_effects.srcs/sources_1/new/AUDIO_FX_TOP.v:111]
WARNING: [Synth 8-3295] tying undriven pin u2:DATA2[8] to constant 0 [C:/Users/yanhan/Desktop/tee project final/audio_effects/audio_effects.srcs/sources_1/new/AUDIO_FX_TOP.v:111]
WARNING: [Synth 8-3295] tying undriven pin u2:DATA2[7] to constant 0 [C:/Users/yanhan/Desktop/tee project final/audio_effects/audio_effects.srcs/sources_1/new/AUDIO_FX_TOP.v:111]
WARNING: [Synth 8-3295] tying undriven pin u2:DATA2[6] to constant 0 [C:/Users/yanhan/Desktop/tee project final/audio_effects/audio_effects.srcs/sources_1/new/AUDIO_FX_TOP.v:111]
WARNING: [Synth 8-3295] tying undriven pin u2:DATA2[5] to constant 0 [C:/Users/yanhan/Desktop/tee project final/audio_effects/audio_effects.srcs/sources_1/new/AUDIO_FX_TOP.v:111]
WARNING: [Synth 8-3295] tying undriven pin u2:DATA2[4] to constant 0 [C:/Users/yanhan/Desktop/tee project final/audio_effects/audio_effects.srcs/sources_1/new/AUDIO_FX_TOP.v:111]
WARNING: [Synth 8-3295] tying undriven pin u2:DATA2[3] to constant 0 [C:/Users/yanhan/Desktop/tee project final/audio_effects/audio_effects.srcs/sources_1/new/AUDIO_FX_TOP.v:111]
WARNING: [Synth 8-3295] tying undriven pin u2:DATA2[2] to constant 0 [C:/Users/yanhan/Desktop/tee project final/audio_effects/audio_effects.srcs/sources_1/new/AUDIO_FX_TOP.v:111]
WARNING: [Synth 8-3295] tying undriven pin u2:DATA2[1] to constant 0 [C:/Users/yanhan/Desktop/tee project final/audio_effects/audio_effects.srcs/sources_1/new/AUDIO_FX_TOP.v:111]
WARNING: [Synth 8-3295] tying undriven pin u2:DATA2[0] to constant 0 [C:/Users/yanhan/Desktop/tee project final/audio_effects/audio_effects.srcs/sources_1/new/AUDIO_FX_TOP.v:111]
---------------------------------------------------------------------------------
Finished RTL Optimization Phase 1 : Time (s): cpu = 00:01:56 ; elapsed = 00:04:47 . Memory (MB): peak = 841.367 ; gain = 634.293
---------------------------------------------------------------------------------
INFO: [Device 21-403] Loading part xc7a35tcpg236-1
INFO: [Project 1-570] Preparing netlist for logic optimization

Processing XDC Constraints
Initializing timing engine
Parsing XDC File [C:/Users/yanhan/Desktop/tee project final/audio_effects/audio_effects.srcs/constrs_1/imports/Learn/Basys3_Master.xdc]
Finished Parsing XDC File [C:/Users/yanhan/Desktop/tee project final/audio_effects/audio_effects.srcs/constrs_1/imports/Learn/Basys3_Master.xdc]
Completed Processing XDC Constraints

INFO: [Opt 31-138] Pushed 0 inverter(s) to 0 load pin(s).
INFO: [Project 1-111] Unisim Transformation Summary:
No Unisim elements were transformed.

RTL Elaboration Complete:  : Time (s): cpu = 00:02:18 ; elapsed = 00:05:03 . Memory (MB): peak = 1133.832 ; gain = 926.758
33 Infos, 19 Warnings, 0 Critical Warnings and 0 Errors encountered.
synth_design completed successfully
synth_design: Time (s): cpu = 00:00:30 ; elapsed = 00:00:24 . Memory (MB): peak = 1133.832 ; gain = 367.492
close_design
synth_design -rtl -name rtl_1
Command: synth_design -rtl -name rtl_1
Starting synth_design
Using part: xc7a35tcpg236-1
Top: AUDIO_FX_TOP
WARNING: [Synth 8-992] m1 is already implicitly declared earlier [C:/Users/yanhan/Desktop/tee project final/audio_effects/audio_effects.srcs/sources_1/new/AUDIO_FX_TOP.v:60]
WARNING: [Synth 8-992] m2 is already implicitly declared earlier [C:/Users/yanhan/Desktop/tee project final/audio_effects/audio_effects.srcs/sources_1/new/AUDIO_FX_TOP.v:61]
WARNING: [Synth 8-992] m3 is already implicitly declared earlier [C:/Users/yanhan/Desktop/tee project final/audio_effects/audio_effects.srcs/sources_1/new/AUDIO_FX_TOP.v:62]
WARNING: [Synth 8-992] m4 is already implicitly declared earlier [C:/Users/yanhan/Desktop/tee project final/audio_effects/audio_effects.srcs/sources_1/new/AUDIO_FX_TOP.v:63]
WARNING: [Synth 8-992] m5 is already implicitly declared earlier [C:/Users/yanhan/Desktop/tee project final/audio_effects/audio_effects.srcs/sources_1/new/AUDIO_FX_TOP.v:76]
WARNING: [Synth 8-992] m6 is already implicitly declared earlier [C:/Users/yanhan/Desktop/tee project final/audio_effects/audio_effects.srcs/sources_1/new/AUDIO_FX_TOP.v:77]
WARNING: [Synth 8-992] m7 is already implicitly declared earlier [C:/Users/yanhan/Desktop/tee project final/audio_effects/audio_effects.srcs/sources_1/new/AUDIO_FX_TOP.v:95]
---------------------------------------------------------------------------------
Starting RTL Elaboration : Time (s): cpu = 00:02:58 ; elapsed = 00:07:01 . Memory (MB): peak = 1133.832 ; gain = 926.758
---------------------------------------------------------------------------------
INFO: [Synth 8-638] synthesizing module 'AUDIO_FX_TOP' [C:/Users/yanhan/Desktop/tee project final/audio_effects/audio_effects.srcs/sources_1/new/AUDIO_FX_TOP.v:15]
INFO: [Synth 8-638] synthesizing module 'clockgen' [C:/Users/yanhan/Desktop/tee project final/audio_effects/audio_effects.srcs/sources_1/new/clockgen.v:23]
INFO: [Synth 8-256] done synthesizing module 'clockgen' (1#1) [C:/Users/yanhan/Desktop/tee project final/audio_effects/audio_effects.srcs/sources_1/new/clockgen.v:23]
INFO: [Synth 8-638] synthesizing module 'SPI' [C:/Users/yanhan/Desktop/tee project final/audio_effects/audio_effects.srcs/sources_1/new/SPI.v:20]
INFO: [Synth 8-256] done synthesizing module 'SPI' (2#1) [C:/Users/yanhan/Desktop/tee project final/audio_effects/audio_effects.srcs/sources_1/new/SPI.v:20]
INFO: [Synth 8-638] synthesizing module 'mux' [C:/Users/yanhan/Desktop/tee project final/audio_effects/audio_effects.srcs/sources_1/new/mux.v:23]
INFO: [Synth 8-256] done synthesizing module 'mux' (3#1) [C:/Users/yanhan/Desktop/tee project final/audio_effects/audio_effects.srcs/sources_1/new/mux.v:23]
INFO: [Synth 8-638] synthesizing module 'delayone' [C:/Users/yanhan/Desktop/tee project final/audio_effects/audio_effects.srcs/sources_1/new/delayone.v:23]
INFO: [Synth 8-256] done synthesizing module 'delayone' (4#1) [C:/Users/yanhan/Desktop/tee project final/audio_effects/audio_effects.srcs/sources_1/new/delayone.v:23]
INFO: [Synth 8-638] synthesizing module 'recordthree' [C:/Users/yanhan/Desktop/tee project final/audio_effects/audio_effects.srcs/sources_1/new/recordthree.v:23]
INFO: [Synth 8-256] done synthesizing module 'recordthree' (5#1) [C:/Users/yanhan/Desktop/tee project final/audio_effects/audio_effects.srcs/sources_1/new/recordthree.v:23]
INFO: [Synth 8-638] synthesizing module 'highpitch' [C:/Users/yanhan/Desktop/tee project final/audio_effects/audio_effects.srcs/sources_1/new/highpitch.v:23]
INFO: [Synth 8-256] done synthesizing module 'highpitch' (6#1) [C:/Users/yanhan/Desktop/tee project final/audio_effects/audio_effects.srcs/sources_1/new/highpitch.v:23]
INFO: [Synth 8-638] synthesizing module 'lowpitch' [C:/Users/yanhan/Desktop/tee project final/audio_effects/audio_effects.srcs/sources_1/new/lowpitch.v:23]
INFO: [Synth 8-256] done synthesizing module 'lowpitch' (7#1) [C:/Users/yanhan/Desktop/tee project final/audio_effects/audio_effects.srcs/sources_1/new/lowpitch.v:23]
INFO: [Synth 8-638] synthesizing module 'music_instrument' [C:/Users/yanhan/Desktop/tee project final/audio_effects/audio_effects.srcs/sources_1/new/music_instrument.v:23]
INFO: [Synth 8-256] done synthesizing module 'music_instrument' (8#1) [C:/Users/yanhan/Desktop/tee project final/audio_effects/audio_effects.srcs/sources_1/new/music_instrument.v:23]
INFO: [Synth 8-638] synthesizing module 'little_star' [C:/Users/yanhan/Desktop/tee project final/audio_effects/audio_effects.srcs/sources_1/new/little_star.v:23]
INFO: [Synth 8-256] done synthesizing module 'little_star' (9#1) [C:/Users/yanhan/Desktop/tee project final/audio_effects/audio_effects.srcs/sources_1/new/little_star.v:23]
INFO: [Synth 8-638] synthesizing module 'top' [C:/Users/yanhan/Desktop/tee project final/audio_effects/audio_effects.srcs/sources_1/imports/hdl/top.v:2]
INFO: [Synth 8-638] synthesizing module 'PS2Receiver' [C:/Users/yanhan/Desktop/tee project final/audio_effects/audio_effects.srcs/sources_1/imports/hdl/PS2Receiver.v:23]
INFO: [Synth 8-638] synthesizing module 'debouncer' [C:/Users/yanhan/Desktop/tee project final/audio_effects/audio_effects.srcs/sources_1/imports/hdl/debouncer.v:23]
	Parameter COUNT_MAX bound to: 19 - type: integer 
	Parameter COUNT_WIDTH bound to: 5 - type: integer 
INFO: [Synth 8-256] done synthesizing module 'debouncer' (10#1) [C:/Users/yanhan/Desktop/tee project final/audio_effects/audio_effects.srcs/sources_1/imports/hdl/debouncer.v:23]
INFO: [Synth 8-155] case statement is not full and has no default [C:/Users/yanhan/Desktop/tee project final/audio_effects/audio_effects.srcs/sources_1/imports/hdl/PS2Receiver.v:55]
INFO: [Synth 8-256] done synthesizing module 'PS2Receiver' (11#1) [C:/Users/yanhan/Desktop/tee project final/audio_effects/audio_effects.srcs/sources_1/imports/hdl/PS2Receiver.v:23]
INFO: [Synth 8-256] done synthesizing module 'top' (12#1) [C:/Users/yanhan/Desktop/tee project final/audio_effects/audio_effects.srcs/sources_1/imports/hdl/top.v:2]
INFO: [Synth 8-638] synthesizing module 'DA2RefComp' [C:/Users/yanhan/Desktop/tee project final/audio_effects/audio_effects.srcs/sources_1/imports/audio_effects.srcs/DA2CompRef.vhd:59]
INFO: [Synth 8-256] done synthesizing module 'DA2RefComp' (13#1) [C:/Users/yanhan/Desktop/tee project final/audio_effects/audio_effects.srcs/sources_1/imports/audio_effects.srcs/DA2CompRef.vhd:59]
INFO: [Synth 8-256] done synthesizing module 'AUDIO_FX_TOP' (14#1) [C:/Users/yanhan/Desktop/tee project final/audio_effects/audio_effects.srcs/sources_1/new/AUDIO_FX_TOP.v:15]
---------------------------------------------------------------------------------
Finished RTL Elaboration : Time (s): cpu = 00:02:59 ; elapsed = 00:07:03 . Memory (MB): peak = 1133.832 ; gain = 926.758
---------------------------------------------------------------------------------

Report Check Netlist: 
+------+------------------+-------+---------+-------+------------------+
|      |Item              |Errors |Warnings |Status |Description       |
+------+------------------+-------+---------+-------+------------------+
|1     |multi_driven_nets |      0|        0|Passed |Multi driven nets |
+------+------------------+-------+---------+-------+------------------+
WARNING: [Synth 8-3295] tying undriven pin u2:DATA2[11] to constant 0 [C:/Users/yanhan/Desktop/tee project final/audio_effects/audio_effects.srcs/sources_1/new/AUDIO_FX_TOP.v:111]
WARNING: [Synth 8-3295] tying undriven pin u2:DATA2[10] to constant 0 [C:/Users/yanhan/Desktop/tee project final/audio_effects/audio_effects.srcs/sources_1/new/AUDIO_FX_TOP.v:111]
WARNING: [Synth 8-3295] tying undriven pin u2:DATA2[9] to constant 0 [C:/Users/yanhan/Desktop/tee project final/audio_effects/audio_effects.srcs/sources_1/new/AUDIO_FX_TOP.v:111]
WARNING: [Synth 8-3295] tying undriven pin u2:DATA2[8] to constant 0 [C:/Users/yanhan/Desktop/tee project final/audio_effects/audio_effects.srcs/sources_1/new/AUDIO_FX_TOP.v:111]
WARNING: [Synth 8-3295] tying undriven pin u2:DATA2[7] to constant 0 [C:/Users/yanhan/Desktop/tee project final/audio_effects/audio_effects.srcs/sources_1/new/AUDIO_FX_TOP.v:111]
WARNING: [Synth 8-3295] tying undriven pin u2:DATA2[6] to constant 0 [C:/Users/yanhan/Desktop/tee project final/audio_effects/audio_effects.srcs/sources_1/new/AUDIO_FX_TOP.v:111]
WARNING: [Synth 8-3295] tying undriven pin u2:DATA2[5] to constant 0 [C:/Users/yanhan/Desktop/tee project final/audio_effects/audio_effects.srcs/sources_1/new/AUDIO_FX_TOP.v:111]
WARNING: [Synth 8-3295] tying undriven pin u2:DATA2[4] to constant 0 [C:/Users/yanhan/Desktop/tee project final/audio_effects/audio_effects.srcs/sources_1/new/AUDIO_FX_TOP.v:111]
WARNING: [Synth 8-3295] tying undriven pin u2:DATA2[3] to constant 0 [C:/Users/yanhan/Desktop/tee project final/audio_effects/audio_effects.srcs/sources_1/new/AUDIO_FX_TOP.v:111]
WARNING: [Synth 8-3295] tying undriven pin u2:DATA2[2] to constant 0 [C:/Users/yanhan/Desktop/tee project final/audio_effects/audio_effects.srcs/sources_1/new/AUDIO_FX_TOP.v:111]
WARNING: [Synth 8-3295] tying undriven pin u2:DATA2[1] to constant 0 [C:/Users/yanhan/Desktop/tee project final/audio_effects/audio_effects.srcs/sources_1/new/AUDIO_FX_TOP.v:111]
WARNING: [Synth 8-3295] tying undriven pin u2:DATA2[0] to constant 0 [C:/Users/yanhan/Desktop/tee project final/audio_effects/audio_effects.srcs/sources_1/new/AUDIO_FX_TOP.v:111]
---------------------------------------------------------------------------------
Finished RTL Optimization Phase 1 : Time (s): cpu = 00:03:00 ; elapsed = 00:07:03 . Memory (MB): peak = 1133.832 ; gain = 926.758
---------------------------------------------------------------------------------
INFO: [Project 1-570] Preparing netlist for logic optimization

Processing XDC Constraints
Initializing timing engine
Parsing XDC File [C:/Users/yanhan/Desktop/tee project final/audio_effects/audio_effects.srcs/constrs_1/imports/Learn/Basys3_Master.xdc]
Finished Parsing XDC File [C:/Users/yanhan/Desktop/tee project final/audio_effects/audio_effects.srcs/constrs_1/imports/Learn/Basys3_Master.xdc]
Completed Processing XDC Constraints

INFO: [Opt 31-138] Pushed 0 inverter(s) to 0 load pin(s).
INFO: [Project 1-111] Unisim Transformation Summary:
No Unisim elements were transformed.

RTL Elaboration Complete:  : Time (s): cpu = 00:03:10 ; elapsed = 00:07:10 . Memory (MB): peak = 1188.930 ; gain = 981.855
32 Infos, 19 Warnings, 0 Critical Warnings and 0 Errors encountered.
synth_design completed successfully
synth_design: Time (s): cpu = 00:00:18 ; elapsed = 00:00:14 . Memory (MB): peak = 1188.930 ; gain = 55.098
refresh_design
WARNING: [Synth 8-992] m1 is already implicitly declared earlier [C:/Users/yanhan/Desktop/tee project final/audio_effects/audio_effects.srcs/sources_1/new/AUDIO_FX_TOP.v:61]
WARNING: [Synth 8-992] m2 is already implicitly declared earlier [C:/Users/yanhan/Desktop/tee project final/audio_effects/audio_effects.srcs/sources_1/new/AUDIO_FX_TOP.v:62]
WARNING: [Synth 8-992] m3 is already implicitly declared earlier [C:/Users/yanhan/Desktop/tee project final/audio_effects/audio_effects.srcs/sources_1/new/AUDIO_FX_TOP.v:63]
WARNING: [Synth 8-992] m4 is already implicitly declared earlier [C:/Users/yanhan/Desktop/tee project final/audio_effects/audio_effects.srcs/sources_1/new/AUDIO_FX_TOP.v:64]
WARNING: [Synth 8-992] m5 is already implicitly declared earlier [C:/Users/yanhan/Desktop/tee project final/audio_effects/audio_effects.srcs/sources_1/new/AUDIO_FX_TOP.v:77]
WARNING: [Synth 8-992] m6 is already implicitly declared earlier [C:/Users/yanhan/Desktop/tee project final/audio_effects/audio_effects.srcs/sources_1/new/AUDIO_FX_TOP.v:78]
WARNING: [Synth 8-992] m7 is already implicitly declared earlier [C:/Users/yanhan/Desktop/tee project final/audio_effects/audio_effects.srcs/sources_1/new/AUDIO_FX_TOP.v:96]
---------------------------------------------------------------------------------
Starting RTL Elaboration : Time (s): cpu = 00:03:39 ; elapsed = 00:09:08 . Memory (MB): peak = 1188.930 ; gain = 981.855
---------------------------------------------------------------------------------
INFO: [Synth 8-638] synthesizing module 'AUDIO_FX_TOP' [C:/Users/yanhan/Desktop/tee project final/audio_effects/audio_effects.srcs/sources_1/new/AUDIO_FX_TOP.v:15]
INFO: [Synth 8-638] synthesizing module 'clockgen' [C:/Users/yanhan/Desktop/tee project final/audio_effects/audio_effects.srcs/sources_1/new/clockgen.v:23]
INFO: [Synth 8-256] done synthesizing module 'clockgen' (1#1) [C:/Users/yanhan/Desktop/tee project final/audio_effects/audio_effects.srcs/sources_1/new/clockgen.v:23]
INFO: [Synth 8-638] synthesizing module 'SPI' [C:/Users/yanhan/Desktop/tee project final/audio_effects/audio_effects.srcs/sources_1/new/SPI.v:20]
INFO: [Synth 8-256] done synthesizing module 'SPI' (2#1) [C:/Users/yanhan/Desktop/tee project final/audio_effects/audio_effects.srcs/sources_1/new/SPI.v:20]
INFO: [Synth 8-638] synthesizing module 'mux' [C:/Users/yanhan/Desktop/tee project final/audio_effects/audio_effects.srcs/sources_1/new/mux.v:23]
INFO: [Synth 8-256] done synthesizing module 'mux' (3#1) [C:/Users/yanhan/Desktop/tee project final/audio_effects/audio_effects.srcs/sources_1/new/mux.v:23]
INFO: [Synth 8-638] synthesizing module 'delayone' [C:/Users/yanhan/Desktop/tee project final/audio_effects/audio_effects.srcs/sources_1/new/delayone.v:23]
INFO: [Synth 8-256] done synthesizing module 'delayone' (4#1) [C:/Users/yanhan/Desktop/tee project final/audio_effects/audio_effects.srcs/sources_1/new/delayone.v:23]
INFO: [Synth 8-638] synthesizing module 'recordthree' [C:/Users/yanhan/Desktop/tee project final/audio_effects/audio_effects.srcs/sources_1/new/recordthree.v:23]
INFO: [Synth 8-256] done synthesizing module 'recordthree' (5#1) [C:/Users/yanhan/Desktop/tee project final/audio_effects/audio_effects.srcs/sources_1/new/recordthree.v:23]
INFO: [Synth 8-638] synthesizing module 'highpitch' [C:/Users/yanhan/Desktop/tee project final/audio_effects/audio_effects.srcs/sources_1/new/highpitch.v:23]
INFO: [Synth 8-256] done synthesizing module 'highpitch' (6#1) [C:/Users/yanhan/Desktop/tee project final/audio_effects/audio_effects.srcs/sources_1/new/highpitch.v:23]
INFO: [Synth 8-638] synthesizing module 'lowpitch' [C:/Users/yanhan/Desktop/tee project final/audio_effects/audio_effects.srcs/sources_1/new/lowpitch.v:23]
INFO: [Synth 8-256] done synthesizing module 'lowpitch' (7#1) [C:/Users/yanhan/Desktop/tee project final/audio_effects/audio_effects.srcs/sources_1/new/lowpitch.v:23]
INFO: [Synth 8-638] synthesizing module 'music_instrument' [C:/Users/yanhan/Desktop/tee project final/audio_effects/audio_effects.srcs/sources_1/new/music_instrument.v:23]
INFO: [Synth 8-256] done synthesizing module 'music_instrument' (8#1) [C:/Users/yanhan/Desktop/tee project final/audio_effects/audio_effects.srcs/sources_1/new/music_instrument.v:23]
INFO: [Synth 8-638] synthesizing module 'little_star' [C:/Users/yanhan/Desktop/tee project final/audio_effects/audio_effects.srcs/sources_1/new/little_star.v:23]
INFO: [Synth 8-256] done synthesizing module 'little_star' (9#1) [C:/Users/yanhan/Desktop/tee project final/audio_effects/audio_effects.srcs/sources_1/new/little_star.v:23]
INFO: [Synth 8-638] synthesizing module 'top' [C:/Users/yanhan/Desktop/tee project final/audio_effects/audio_effects.srcs/sources_1/imports/hdl/top.v:2]
INFO: [Synth 8-638] synthesizing module 'PS2Receiver' [C:/Users/yanhan/Desktop/tee project final/audio_effects/audio_effects.srcs/sources_1/imports/hdl/PS2Receiver.v:23]
INFO: [Synth 8-638] synthesizing module 'debouncer' [C:/Users/yanhan/Desktop/tee project final/audio_effects/audio_effects.srcs/sources_1/imports/hdl/debouncer.v:23]
	Parameter COUNT_MAX bound to: 19 - type: integer 
	Parameter COUNT_WIDTH bound to: 5 - type: integer 
INFO: [Synth 8-256] done synthesizing module 'debouncer' (10#1) [C:/Users/yanhan/Desktop/tee project final/audio_effects/audio_effects.srcs/sources_1/imports/hdl/debouncer.v:23]
INFO: [Synth 8-155] case statement is not full and has no default [C:/Users/yanhan/Desktop/tee project final/audio_effects/audio_effects.srcs/sources_1/imports/hdl/PS2Receiver.v:55]
INFO: [Synth 8-256] done synthesizing module 'PS2Receiver' (11#1) [C:/Users/yanhan/Desktop/tee project final/audio_effects/audio_effects.srcs/sources_1/imports/hdl/PS2Receiver.v:23]
INFO: [Synth 8-256] done synthesizing module 'top' (12#1) [C:/Users/yanhan/Desktop/tee project final/audio_effects/audio_effects.srcs/sources_1/imports/hdl/top.v:2]
INFO: [Synth 8-638] synthesizing module 'DA2RefComp' [C:/Users/yanhan/Desktop/tee project final/audio_effects/audio_effects.srcs/sources_1/imports/audio_effects.srcs/DA2CompRef.vhd:59]
INFO: [Synth 8-256] done synthesizing module 'DA2RefComp' (13#1) [C:/Users/yanhan/Desktop/tee project final/audio_effects/audio_effects.srcs/sources_1/imports/audio_effects.srcs/DA2CompRef.vhd:59]
INFO: [Synth 8-256] done synthesizing module 'AUDIO_FX_TOP' (14#1) [C:/Users/yanhan/Desktop/tee project final/audio_effects/audio_effects.srcs/sources_1/new/AUDIO_FX_TOP.v:15]
---------------------------------------------------------------------------------
Finished RTL Elaboration : Time (s): cpu = 00:03:42 ; elapsed = 00:09:10 . Memory (MB): peak = 1188.930 ; gain = 981.855
---------------------------------------------------------------------------------

Report Check Netlist: 
+------+------------------+-------+---------+-------+------------------+
|      |Item              |Errors |Warnings |Status |Description       |
+------+------------------+-------+---------+-------+------------------+
|1     |multi_driven_nets |      0|        0|Passed |Multi driven nets |
+------+------------------+-------+---------+-------+------------------+
WARNING: [Synth 8-3295] tying undriven pin u2:DATA2[11] to constant 0 [C:/Users/yanhan/Desktop/tee project final/audio_effects/audio_effects.srcs/sources_1/new/AUDIO_FX_TOP.v:112]
WARNING: [Synth 8-3295] tying undriven pin u2:DATA2[10] to constant 0 [C:/Users/yanhan/Desktop/tee project final/audio_effects/audio_effects.srcs/sources_1/new/AUDIO_FX_TOP.v:112]
WARNING: [Synth 8-3295] tying undriven pin u2:DATA2[9] to constant 0 [C:/Users/yanhan/Desktop/tee project final/audio_effects/audio_effects.srcs/sources_1/new/AUDIO_FX_TOP.v:112]
WARNING: [Synth 8-3295] tying undriven pin u2:DATA2[8] to constant 0 [C:/Users/yanhan/Desktop/tee project final/audio_effects/audio_effects.srcs/sources_1/new/AUDIO_FX_TOP.v:112]
WARNING: [Synth 8-3295] tying undriven pin u2:DATA2[7] to constant 0 [C:/Users/yanhan/Desktop/tee project final/audio_effects/audio_effects.srcs/sources_1/new/AUDIO_FX_TOP.v:112]
WARNING: [Synth 8-3295] tying undriven pin u2:DATA2[6] to constant 0 [C:/Users/yanhan/Desktop/tee project final/audio_effects/audio_effects.srcs/sources_1/new/AUDIO_FX_TOP.v:112]
WARNING: [Synth 8-3295] tying undriven pin u2:DATA2[5] to constant 0 [C:/Users/yanhan/Desktop/tee project final/audio_effects/audio_effects.srcs/sources_1/new/AUDIO_FX_TOP.v:112]
WARNING: [Synth 8-3295] tying undriven pin u2:DATA2[4] to constant 0 [C:/Users/yanhan/Desktop/tee project final/audio_effects/audio_effects.srcs/sources_1/new/AUDIO_FX_TOP.v:112]
WARNING: [Synth 8-3295] tying undriven pin u2:DATA2[3] to constant 0 [C:/Users/yanhan/Desktop/tee project final/audio_effects/audio_effects.srcs/sources_1/new/AUDIO_FX_TOP.v:112]
WARNING: [Synth 8-3295] tying undriven pin u2:DATA2[2] to constant 0 [C:/Users/yanhan/Desktop/tee project final/audio_effects/audio_effects.srcs/sources_1/new/AUDIO_FX_TOP.v:112]
WARNING: [Synth 8-3295] tying undriven pin u2:DATA2[1] to constant 0 [C:/Users/yanhan/Desktop/tee project final/audio_effects/audio_effects.srcs/sources_1/new/AUDIO_FX_TOP.v:112]
WARNING: [Synth 8-3295] tying undriven pin u2:DATA2[0] to constant 0 [C:/Users/yanhan/Desktop/tee project final/audio_effects/audio_effects.srcs/sources_1/new/AUDIO_FX_TOP.v:112]
---------------------------------------------------------------------------------
Finished RTL Optimization Phase 1 : Time (s): cpu = 00:03:43 ; elapsed = 00:09:10 . Memory (MB): peak = 1188.930 ; gain = 981.855
---------------------------------------------------------------------------------
INFO: [Project 1-570] Preparing netlist for logic optimization

Processing XDC Constraints
Initializing timing engine
Parsing XDC File [C:/Users/yanhan/Desktop/tee project final/audio_effects/audio_effects.srcs/constrs_1/imports/Learn/Basys3_Master.xdc]
Finished Parsing XDC File [C:/Users/yanhan/Desktop/tee project final/audio_effects/audio_effects.srcs/constrs_1/imports/Learn/Basys3_Master.xdc]
Completed Processing XDC Constraints

INFO: [Opt 31-138] Pushed 0 inverter(s) to 0 load pin(s).
refresh_design: Time (s): cpu = 00:00:24 ; elapsed = 00:00:15 . Memory (MB): peak = 1239.395 ; gain = 50.465
refresh_design
WARNING: [Synth 8-992] m1 is already implicitly declared earlier [C:/Users/yanhan/Desktop/tee project final/audio_effects/audio_effects.srcs/sources_1/new/AUDIO_FX_TOP.v:61]
WARNING: [Synth 8-992] m2 is already implicitly declared earlier [C:/Users/yanhan/Desktop/tee project final/audio_effects/audio_effects.srcs/sources_1/new/AUDIO_FX_TOP.v:62]
WARNING: [Synth 8-992] m3 is already implicitly declared earlier [C:/Users/yanhan/Desktop/tee project final/audio_effects/audio_effects.srcs/sources_1/new/AUDIO_FX_TOP.v:63]
WARNING: [Synth 8-992] m4 is already implicitly declared earlier [C:/Users/yanhan/Desktop/tee project final/audio_effects/audio_effects.srcs/sources_1/new/AUDIO_FX_TOP.v:64]
WARNING: [Synth 8-992] m5 is already implicitly declared earlier [C:/Users/yanhan/Desktop/tee project final/audio_effects/audio_effects.srcs/sources_1/new/AUDIO_FX_TOP.v:77]
WARNING: [Synth 8-992] m6 is already implicitly declared earlier [C:/Users/yanhan/Desktop/tee project final/audio_effects/audio_effects.srcs/sources_1/new/AUDIO_FX_TOP.v:78]
WARNING: [Synth 8-992] m7 is already implicitly declared earlier [C:/Users/yanhan/Desktop/tee project final/audio_effects/audio_effects.srcs/sources_1/new/AUDIO_FX_TOP.v:96]
---------------------------------------------------------------------------------
Starting RTL Elaboration : Time (s): cpu = 00:04:08 ; elapsed = 00:09:48 . Memory (MB): peak = 1239.395 ; gain = 1032.320
---------------------------------------------------------------------------------
INFO: [Synth 8-638] synthesizing module 'AUDIO_FX_TOP' [C:/Users/yanhan/Desktop/tee project final/audio_effects/audio_effects.srcs/sources_1/new/AUDIO_FX_TOP.v:15]
INFO: [Synth 8-638] synthesizing module 'clockgen' [C:/Users/yanhan/Desktop/tee project final/audio_effects/audio_effects.srcs/sources_1/new/clockgen.v:23]
INFO: [Synth 8-256] done synthesizing module 'clockgen' (1#1) [C:/Users/yanhan/Desktop/tee project final/audio_effects/audio_effects.srcs/sources_1/new/clockgen.v:23]
INFO: [Synth 8-638] synthesizing module 'SPI' [C:/Users/yanhan/Desktop/tee project final/audio_effects/audio_effects.srcs/sources_1/new/SPI.v:20]
INFO: [Synth 8-256] done synthesizing module 'SPI' (2#1) [C:/Users/yanhan/Desktop/tee project final/audio_effects/audio_effects.srcs/sources_1/new/SPI.v:20]
INFO: [Synth 8-638] synthesizing module 'mux' [C:/Users/yanhan/Desktop/tee project final/audio_effects/audio_effects.srcs/sources_1/new/mux.v:23]
INFO: [Synth 8-256] done synthesizing module 'mux' (3#1) [C:/Users/yanhan/Desktop/tee project final/audio_effects/audio_effects.srcs/sources_1/new/mux.v:23]
INFO: [Synth 8-638] synthesizing module 'delayone' [C:/Users/yanhan/Desktop/tee project final/audio_effects/audio_effects.srcs/sources_1/new/delayone.v:23]
INFO: [Synth 8-256] done synthesizing module 'delayone' (4#1) [C:/Users/yanhan/Desktop/tee project final/audio_effects/audio_effects.srcs/sources_1/new/delayone.v:23]
INFO: [Synth 8-638] synthesizing module 'recordthree' [C:/Users/yanhan/Desktop/tee project final/audio_effects/audio_effects.srcs/sources_1/new/recordthree.v:23]
INFO: [Synth 8-256] done synthesizing module 'recordthree' (5#1) [C:/Users/yanhan/Desktop/tee project final/audio_effects/audio_effects.srcs/sources_1/new/recordthree.v:23]
INFO: [Synth 8-638] synthesizing module 'highpitch' [C:/Users/yanhan/Desktop/tee project final/audio_effects/audio_effects.srcs/sources_1/new/highpitch.v:23]
INFO: [Synth 8-256] done synthesizing module 'highpitch' (6#1) [C:/Users/yanhan/Desktop/tee project final/audio_effects/audio_effects.srcs/sources_1/new/highpitch.v:23]
INFO: [Synth 8-638] synthesizing module 'lowpitch' [C:/Users/yanhan/Desktop/tee project final/audio_effects/audio_effects.srcs/sources_1/new/lowpitch.v:23]
INFO: [Synth 8-256] done synthesizing module 'lowpitch' (7#1) [C:/Users/yanhan/Desktop/tee project final/audio_effects/audio_effects.srcs/sources_1/new/lowpitch.v:23]
INFO: [Synth 8-638] synthesizing module 'music_instrument' [C:/Users/yanhan/Desktop/tee project final/audio_effects/audio_effects.srcs/sources_1/new/music_instrument.v:23]
INFO: [Synth 8-256] done synthesizing module 'music_instrument' (8#1) [C:/Users/yanhan/Desktop/tee project final/audio_effects/audio_effects.srcs/sources_1/new/music_instrument.v:23]
INFO: [Synth 8-638] synthesizing module 'little_star' [C:/Users/yanhan/Desktop/tee project final/audio_effects/audio_effects.srcs/sources_1/new/little_star.v:23]
INFO: [Synth 8-256] done synthesizing module 'little_star' (9#1) [C:/Users/yanhan/Desktop/tee project final/audio_effects/audio_effects.srcs/sources_1/new/little_star.v:23]
INFO: [Synth 8-638] synthesizing module 'top' [C:/Users/yanhan/Desktop/tee project final/audio_effects/audio_effects.srcs/sources_1/imports/hdl/top.v:2]
INFO: [Synth 8-638] synthesizing module 'PS2Receiver' [C:/Users/yanhan/Desktop/tee project final/audio_effects/audio_effects.srcs/sources_1/imports/hdl/PS2Receiver.v:23]
INFO: [Synth 8-638] synthesizing module 'debouncer' [C:/Users/yanhan/Desktop/tee project final/audio_effects/audio_effects.srcs/sources_1/imports/hdl/debouncer.v:23]
	Parameter COUNT_MAX bound to: 19 - type: integer 
	Parameter COUNT_WIDTH bound to: 5 - type: integer 
INFO: [Synth 8-256] done synthesizing module 'debouncer' (10#1) [C:/Users/yanhan/Desktop/tee project final/audio_effects/audio_effects.srcs/sources_1/imports/hdl/debouncer.v:23]
INFO: [Synth 8-155] case statement is not full and has no default [C:/Users/yanhan/Desktop/tee project final/audio_effects/audio_effects.srcs/sources_1/imports/hdl/PS2Receiver.v:55]
INFO: [Synth 8-256] done synthesizing module 'PS2Receiver' (11#1) [C:/Users/yanhan/Desktop/tee project final/audio_effects/audio_effects.srcs/sources_1/imports/hdl/PS2Receiver.v:23]
INFO: [Synth 8-256] done synthesizing module 'top' (12#1) [C:/Users/yanhan/Desktop/tee project final/audio_effects/audio_effects.srcs/sources_1/imports/hdl/top.v:2]
INFO: [Synth 8-638] synthesizing module 'DA2RefComp' [C:/Users/yanhan/Desktop/tee project final/audio_effects/audio_effects.srcs/sources_1/imports/audio_effects.srcs/DA2CompRef.vhd:59]
INFO: [Synth 8-256] done synthesizing module 'DA2RefComp' (13#1) [C:/Users/yanhan/Desktop/tee project final/audio_effects/audio_effects.srcs/sources_1/imports/audio_effects.srcs/DA2CompRef.vhd:59]
INFO: [Synth 8-256] done synthesizing module 'AUDIO_FX_TOP' (14#1) [C:/Users/yanhan/Desktop/tee project final/audio_effects/audio_effects.srcs/sources_1/new/AUDIO_FX_TOP.v:15]
---------------------------------------------------------------------------------
Finished RTL Elaboration : Time (s): cpu = 00:04:10 ; elapsed = 00:09:50 . Memory (MB): peak = 1239.395 ; gain = 1032.320
---------------------------------------------------------------------------------

Report Check Netlist: 
+------+------------------+-------+---------+-------+------------------+
|      |Item              |Errors |Warnings |Status |Description       |
+------+------------------+-------+---------+-------+------------------+
|1     |multi_driven_nets |      0|        0|Passed |Multi driven nets |
+------+------------------+-------+---------+-------+------------------+
WARNING: [Synth 8-3295] tying undriven pin u2:DATA2[11] to constant 0 [C:/Users/yanhan/Desktop/tee project final/audio_effects/audio_effects.srcs/sources_1/new/AUDIO_FX_TOP.v:112]
WARNING: [Synth 8-3295] tying undriven pin u2:DATA2[10] to constant 0 [C:/Users/yanhan/Desktop/tee project final/audio_effects/audio_effects.srcs/sources_1/new/AUDIO_FX_TOP.v:112]
WARNING: [Synth 8-3295] tying undriven pin u2:DATA2[9] to constant 0 [C:/Users/yanhan/Desktop/tee project final/audio_effects/audio_effects.srcs/sources_1/new/AUDIO_FX_TOP.v:112]
WARNING: [Synth 8-3295] tying undriven pin u2:DATA2[8] to constant 0 [C:/Users/yanhan/Desktop/tee project final/audio_effects/audio_effects.srcs/sources_1/new/AUDIO_FX_TOP.v:112]
WARNING: [Synth 8-3295] tying undriven pin u2:DATA2[7] to constant 0 [C:/Users/yanhan/Desktop/tee project final/audio_effects/audio_effects.srcs/sources_1/new/AUDIO_FX_TOP.v:112]
WARNING: [Synth 8-3295] tying undriven pin u2:DATA2[6] to constant 0 [C:/Users/yanhan/Desktop/tee project final/audio_effects/audio_effects.srcs/sources_1/new/AUDIO_FX_TOP.v:112]
WARNING: [Synth 8-3295] tying undriven pin u2:DATA2[5] to constant 0 [C:/Users/yanhan/Desktop/tee project final/audio_effects/audio_effects.srcs/sources_1/new/AUDIO_FX_TOP.v:112]
WARNING: [Synth 8-3295] tying undriven pin u2:DATA2[4] to constant 0 [C:/Users/yanhan/Desktop/tee project final/audio_effects/audio_effects.srcs/sources_1/new/AUDIO_FX_TOP.v:112]
WARNING: [Synth 8-3295] tying undriven pin u2:DATA2[3] to constant 0 [C:/Users/yanhan/Desktop/tee project final/audio_effects/audio_effects.srcs/sources_1/new/AUDIO_FX_TOP.v:112]
WARNING: [Synth 8-3295] tying undriven pin u2:DATA2[2] to constant 0 [C:/Users/yanhan/Desktop/tee project final/audio_effects/audio_effects.srcs/sources_1/new/AUDIO_FX_TOP.v:112]
WARNING: [Synth 8-3295] tying undriven pin u2:DATA2[1] to constant 0 [C:/Users/yanhan/Desktop/tee project final/audio_effects/audio_effects.srcs/sources_1/new/AUDIO_FX_TOP.v:112]
WARNING: [Synth 8-3295] tying undriven pin u2:DATA2[0] to constant 0 [C:/Users/yanhan/Desktop/tee project final/audio_effects/audio_effects.srcs/sources_1/new/AUDIO_FX_TOP.v:112]
---------------------------------------------------------------------------------
Finished RTL Optimization Phase 1 : Time (s): cpu = 00:04:11 ; elapsed = 00:09:50 . Memory (MB): peak = 1239.395 ; gain = 1032.320
---------------------------------------------------------------------------------
INFO: [Project 1-570] Preparing netlist for logic optimization

Processing XDC Constraints
Initializing timing engine
Parsing XDC File [C:/Users/yanhan/Desktop/tee project final/audio_effects/audio_effects.srcs/constrs_1/imports/Learn/Basys3_Master.xdc]
Finished Parsing XDC File [C:/Users/yanhan/Desktop/tee project final/audio_effects/audio_effects.srcs/constrs_1/imports/Learn/Basys3_Master.xdc]
Completed Processing XDC Constraints

INFO: [Opt 31-138] Pushed 0 inverter(s) to 0 load pin(s).
refresh_design: Time (s): cpu = 00:00:18 ; elapsed = 00:00:14 . Memory (MB): peak = 1239.395 ; gain = 0.000
reset_run synth_1
launch_runs synth_1
INFO: [HDL 9-2216] Analyzing Verilog file "C:/Users/yanhan/Desktop/tee project final/audio_effects/audio_effects.srcs/sources_1/new/AUDIO_FX_TOP.v" into library work [C:/Users/yanhan/Desktop/tee project final/audio_effects/audio_effects.srcs/sources_1/new/AUDIO_FX_TOP.v:1]
[Fri Mar 30 18:05:25 2018] Launched synth_1...
Run output will be captured here: C:/Users/yanhan/Desktop/tee project final/audio_effects/audio_effects.runs/synth_1/runme.log
launch_runs impl_1
[Fri Mar 30 18:06:36 2018] Launched impl_1...
Run output will be captured here: C:/Users/yanhan/Desktop/tee project final/audio_effects/audio_effects.runs/impl_1/runme.log
launch_runs impl_1 -to_step write_bitstream
[Fri Mar 30 18:08:30 2018] Launched impl_1...
Run output will be captured here: C:/Users/yanhan/Desktop/tee project final/audio_effects/audio_effects.runs/impl_1/runme.log
close_design
open_run impl_1
INFO: [Netlist 29-17] Analyzing 160 Unisim elements for replacement
INFO: [Netlist 29-28] Unisim Transformation completed in 0 CPU seconds
INFO: [Project 1-479] Netlist was created with Vivado 2016.2
INFO: [Project 1-570] Preparing netlist for logic optimization
Parsing XDC File [C:/Users/yanhan/Desktop/tee project final/audio_effects/.Xil/Vivado-13584-DESKTOP-96CVL4U/dcp/AUDIO_FX_TOP.xdc]
Finished Parsing XDC File [C:/Users/yanhan/Desktop/tee project final/audio_effects/.Xil/Vivado-13584-DESKTOP-96CVL4U/dcp/AUDIO_FX_TOP.xdc]
Reading XDEF placement.
Reading placer database...
Reading XDEF routing.
Read XDEF File: Time (s): cpu = 00:00:01 ; elapsed = 00:00:00.500 . Memory (MB): peak = 1239.395 ; gain = 0.000
Restored from archive | CPU: 1.000000 secs | Memory: 0.000000 MB |
Finished XDEF File Restore: Time (s): cpu = 00:00:01 ; elapsed = 00:00:00.500 . Memory (MB): peak = 1239.395 ; gain = 0.000
INFO: [Project 1-111] Unisim Transformation Summary:
No Unisim elements were transformed.

open_run: Time (s): cpu = 00:00:11 ; elapsed = 00:00:07 . Memory (MB): peak = 1239.395 ; gain = 0.000
ERROR: [Common 17-165] Too many positional options when parsing 'final/audio_effects/audio_effects.runs/impl_1/AUDIO_FX_TOP_power_routed.rpx', please type 'open_report -help' for usage info.
open_hw
connect_hw_server
INFO: [Labtools 27-2285] Connecting to hw_server url TCP:localhost:3121
INFO: [Labtools 27-2222] Launching hw_server...
INFO: [Labtools 27-2221] Launch Output:

****** Xilinx hw_server v2016.2
  **** Build date : Jun  2 2016-16:57:03
    ** Copyright 1986-2016 Xilinx, Inc. All Rights Reserved.


connect_hw_server: Time (s): cpu = 00:00:00 ; elapsed = 00:00:10 . Memory (MB): peak = 1523.488 ; gain = 0.000
open_hw_target
INFO: [Labtoolstcl 44-466] Opening hw_target localhost:3121/xilinx_tcf/Digilent/210183714829A
set_property PROGRAM.FILE {C:/Users/yanhan/Desktop/tee project final/audio_effects/audio_effects.runs/impl_1/AUDIO_FX_TOP.bit} [lindex [get_hw_devices] 0]
current_hw_device [lindex [get_hw_devices] 0]
refresh_hw_device -update_hw_probes false [lindex [get_hw_devices] 0]
INFO: [Labtools 27-1434] Device xc7a35t (JTAG device index = 0) is programmed with a design that has no supported debug core(s) in it.
WARNING: [Labtools 27-3123] The debug hub core was not detected at User Scan Chain 1 or 3.
Resolution: 
1. Make sure the clock connected to the debug hub (dbg_hub) core is a free running clock and is active OR
2. Manually launch hw_server with -e "set xsdb-user-bscan <C_USER_SCAN_CHAIN scan_chain_number>" to detect the debug hub at User Scan Chain of 2 or 4. To determine the user scan chain setting, open the implemented design and use: get_property C_USER_SCAN_CHAIN [get_debug_cores dbg_hub].
set_property PROBES.FILE {} [lindex [get_hw_devices] 0]
set_property PROGRAM.FILE {C:/Users/yanhan/Desktop/tee project final/audio_effects/audio_effects.runs/impl_1/AUDIO_FX_TOP.bit} [lindex [get_hw_devices] 0]
program_hw_devices [lindex [get_hw_devices] 0]
INFO: [Labtools 27-3164] End of startup status: HIGH
refresh_hw_device [lindex [get_hw_devices] 0]
INFO: [Labtools 27-1434] Device xc7a35t (JTAG device index = 0) is programmed with a design that has no supported debug core(s) in it.
WARNING: [Labtools 27-3123] The debug hub core was not detected at User Scan Chain 1 or 3.
Resolution: 
1. Make sure the clock connected to the debug hub (dbg_hub) core is a free running clock and is active OR
2. Manually launch hw_server with -e "set xsdb-user-bscan <C_USER_SCAN_CHAIN scan_chain_number>" to detect the debug hub at User Scan Chain of 2 or 4. To determine the user scan chain setting, open the implemented design and use: get_property C_USER_SCAN_CHAIN [get_debug_cores dbg_hub].
ERROR: [Labtoolstcl 44-513] HW Target shutdown. Closing target: localhost:3121/xilinx_tcf/Digilent/210183714829A
INFO: [Labtoolstcl 44-466] Opening hw_target localhost:3121/xilinx_tcf/Digilent/210183714829A
INFO: [Labtools 27-1434] Device xc7a35t (JTAG device index = 0) is programmed with a design that has no supported debug core(s) in it.
WARNING: [Labtools 27-3123] The debug hub core was not detected at User Scan Chain 1 or 3.
Resolution: 
1. Make sure the clock connected to the debug hub (dbg_hub) core is a free running clock and is active OR
2. Manually launch hw_server with -e "set xsdb-user-bscan <C_USER_SCAN_CHAIN scan_chain_number>" to detect the debug hub at User Scan Chain of 2 or 4. To determine the user scan chain setting, open the implemented design and use: get_property C_USER_SCAN_CHAIN [get_debug_cores dbg_hub].
refresh_hw_device [lindex [get_hw_devices] 0]
INFO: [Labtools 27-1434] Device xc7a35t (JTAG device index = 0) is programmed with a design that has no supported debug core(s) in it.
WARNING: [Labtools 27-3123] The debug hub core was not detected at User Scan Chain 1 or 3.
Resolution: 
1. Make sure the clock connected to the debug hub (dbg_hub) core is a free running clock and is active OR
2. Manually launch hw_server with -e "set xsdb-user-bscan <C_USER_SCAN_CHAIN scan_chain_number>" to detect the debug hub at User Scan Chain of 2 or 4. To determine the user scan chain setting, open the implemented design and use: get_property C_USER_SCAN_CHAIN [get_debug_cores dbg_hub].
set_property PROBES.FILE {} [lindex [get_hw_devices] 0]
set_property PROGRAM.FILE {C:/Users/yanhan/Desktop/tee project final/audio_effects/audio_effects.runs/impl_1/AUDIO_FX_TOP.bit} [lindex [get_hw_devices] 0]
program_hw_devices [lindex [get_hw_devices] 0]
INFO: [Labtools 27-3164] End of startup status: HIGH
refresh_hw_device [lindex [get_hw_devices] 0]
INFO: [Labtools 27-1434] Device xc7a35t (JTAG device index = 0) is programmed with a design that has no supported debug core(s) in it.
WARNING: [Labtools 27-3123] The debug hub core was not detected at User Scan Chain 1 or 3.
Resolution: 
1. Make sure the clock connected to the debug hub (dbg_hub) core is a free running clock and is active OR
2. Manually launch hw_server with -e "set xsdb-user-bscan <C_USER_SCAN_CHAIN scan_chain_number>" to detect the debug hub at User Scan Chain of 2 or 4. To determine the user scan chain setting, open the implemented design and use: get_property C_USER_SCAN_CHAIN [get_debug_cores dbg_hub].
close_hw
open_hw
connect_hw_server
INFO: [Labtools 27-2285] Connecting to hw_server url TCP:localhost:3121
open_hw_target
INFO: [Labtoolstcl 44-466] Opening hw_target localhost:3121/xilinx_tcf/Digilent/210183714829A
set_property PROGRAM.FILE {C:/Users/yanhan/Desktop/tee project final/audio_effects/audio_effects.runs/impl_1/AUDIO_FX_TOP.bit} [lindex [get_hw_devices] 0]
current_hw_device [lindex [get_hw_devices] 0]
refresh_hw_device -update_hw_probes false [lindex [get_hw_devices] 0]
INFO: [Labtools 27-1434] Device xc7a35t (JTAG device index = 0) is programmed with a design that has no supported debug core(s) in it.
WARNING: [Labtools 27-3123] The debug hub core was not detected at User Scan Chain 1 or 3.
Resolution: 
1. Make sure the clock connected to the debug hub (dbg_hub) core is a free running clock and is active OR
2. Manually launch hw_server with -e "set xsdb-user-bscan <C_USER_SCAN_CHAIN scan_chain_number>" to detect the debug hub at User Scan Chain of 2 or 4. To determine the user scan chain setting, open the implemented design and use: get_property C_USER_SCAN_CHAIN [get_debug_cores dbg_hub].
set_property PROBES.FILE {} [lindex [get_hw_devices] 0]
set_property PROGRAM.FILE {C:/Users/yanhan/Desktop/tee project final/audio_effects/audio_effects.runs/impl_1/AUDIO_FX_TOP.bit} [lindex [get_hw_devices] 0]
program_hw_devices [lindex [get_hw_devices] 0]
INFO: [Labtools 27-3164] End of startup status: HIGH
refresh_hw_device [lindex [get_hw_devices] 0]
INFO: [Labtools 27-1434] Device xc7a35t (JTAG device index = 0) is programmed with a design that has no supported debug core(s) in it.
WARNING: [Labtools 27-3123] The debug hub core was not detected at User Scan Chain 1 or 3.
Resolution: 
1. Make sure the clock connected to the debug hub (dbg_hub) core is a free running clock and is active OR
2. Manually launch hw_server with -e "set xsdb-user-bscan <C_USER_SCAN_CHAIN scan_chain_number>" to detect the debug hub at User Scan Chain of 2 or 4. To determine the user scan chain setting, open the implemented design and use: get_property C_USER_SCAN_CHAIN [get_debug_cores dbg_hub].
ERROR: [Labtoolstcl 44-513] HW Target shutdown. Closing target: localhost:3121/xilinx_tcf/Digilent/210183714829A
close_hw
open_hw
connect_hw_server
INFO: [Labtools 27-2285] Connecting to hw_server url TCP:localhost:3121
open_hw_target
INFO: [Labtoolstcl 44-466] Opening hw_target localhost:3121/xilinx_tcf/Digilent/210183714829A
set_property PROGRAM.FILE {C:/Users/yanhan/Desktop/tee project final/audio_effects/audio_effects.runs/impl_1/AUDIO_FX_TOP.bit} [lindex [get_hw_devices] 0]
current_hw_device [lindex [get_hw_devices] 0]
refresh_hw_device -update_hw_probes false [lindex [get_hw_devices] 0]
INFO: [Labtools 27-1434] Device xc7a35t (JTAG device index = 0) is programmed with a design that has no supported debug core(s) in it.
WARNING: [Labtools 27-3123] The debug hub core was not detected at User Scan Chain 1 or 3.
Resolution: 
1. Make sure the clock connected to the debug hub (dbg_hub) core is a free running clock and is active OR
2. Manually launch hw_server with -e "set xsdb-user-bscan <C_USER_SCAN_CHAIN scan_chain_number>" to detect the debug hub at User Scan Chain of 2 or 4. To determine the user scan chain setting, open the implemented design and use: get_property C_USER_SCAN_CHAIN [get_debug_cores dbg_hub].
set_property PROBES.FILE {} [lindex [get_hw_devices] 0]
set_property PROGRAM.FILE {C:/Users/yanhan/Desktop/tee project final/audio_effects/audio_effects.runs/impl_1/AUDIO_FX_TOP.bit} [lindex [get_hw_devices] 0]
program_hw_devices [lindex [get_hw_devices] 0]
INFO: [Labtools 27-3164] End of startup status: HIGH
refresh_hw_device [lindex [get_hw_devices] 0]
INFO: [Labtools 27-1434] Device xc7a35t (JTAG device index = 0) is programmed with a design that has no supported debug core(s) in it.
WARNING: [Labtools 27-3123] The debug hub core was not detected at User Scan Chain 1 or 3.
Resolution: 
1. Make sure the clock connected to the debug hub (dbg_hub) core is a free running clock and is active OR
2. Manually launch hw_server with -e "set xsdb-user-bscan <C_USER_SCAN_CHAIN scan_chain_number>" to detect the debug hub at User Scan Chain of 2 or 4. To determine the user scan chain setting, open the implemented design and use: get_property C_USER_SCAN_CHAIN [get_debug_cores dbg_hub].
close_hw
archive_project C:/Users/yanhan/Documents/THURSDAY_YANHAN_A0169467L_ARCHIVE.xpr.zip -temp_dir {C:/Users/yanhan/Desktop/tee project final/audio_effects/.Xil/Vivado-13584-DESKTOP-96CVL4U} -force -include_config_settings
INFO: [Coretcl 2-137] starting archive...
INFO: [Coretcl 2-1499] Saving project copy to temporary location 'C:/Users/yanhan/Desktop/tee project final/audio_effects/.Xil/Vivado-13584-DESKTOP-96CVL4U' for archiving project
Scanning sources...
Finished scanning sources
INFO: [Coretcl 2-1211] Creating project copy for archival...
INFO: [ProjectBase 1-495] The host OS only allows 260 characters in a normal path. The project is stored in a path with more than 80 characters. If you experience any problem with archiving the project, please consider setting environment variable $TEMP to a shorter path.
Current project path is 'C:/Users/yanhan/Desktop/tee project final/audio_effects/.Xil/Vivado-13584-DESKTOP-96CVL4U/PrjAr/_X_'.
INFO: [Coretcl 2-1213] Including run results for 'synth_1'
INFO: [Coretcl 2-1213] Including run results for 'impl_1'
INFO: [Coretcl 2-1212] Importing remotely added design sources and verilog include files (if any)...
INFO: [filemgmt 20-334] All file(s) are already imported in fileset: 'constrs_1'
INFO: [filemgmt 20-348] Importing the appropriate files for fileset: 'constrs_1'
INFO: [filemgmt 20-348] Importing the appropriate files for fileset: 'sources_1'
